<?xml version="1.0" encoding="UTF-8"?>
<!-- Generated by org.testng.reporters.JUnitReportReporter -->
<testsuite skipped="0" hostname="DESKTOP-C37E15E" name="pack.Mavend.UisTest" tests="1" failures="0" timestamp="22 Jul 2020 15:09:14 GMT" time="0.047" errors="0">
  <testcase name="udse" time="0.047" classname="pack.Mavend.UisTest"/>
</testsuite> <!-- pack.Mavend.UisTest -->
